This is pdfTeX, Version 3.141592653-2.6-1.40.26 (TeX Live 2024) (preloaded format=pdflatex 2024.12.6)  17 DEC 2024 12:55
entering extended mode
 restricted \write18 enabled.
 %&-line parsing enabled.
**RPP.tex
(./RPP.tex
LaTeX2e <2024-11-01> patch level 1
L3 programming layer <2024-11-02>

(c:/Users/Gebruiker/Applications/texstudio/texlive/2024/texmf-dist/tex/latex/ba
se/article.cls
Document Class: article 2024/06/29 v1.4n Standard LaTeX document class

(c:/Users/Gebruiker/Applications/texstudio/texlive/2024/texmf-dist/tex/latex/ba
se/size10.clo
File: size10.clo 2024/06/29 v1.4n Standard LaTeX file (size option)
)
\c@part=\count196
\c@section=\count197
\c@subsection=\count198
\c@subsubsection=\count199
\c@paragraph=\count266
\c@subparagraph=\count267
\c@figure=\count268
\c@table=\count269
\abovecaptionskip=\skip49
\belowcaptionskip=\skip50
\bibindent=\dimen141
)
(c:/Users/Gebruiker/Applications/texstudio/texlive/2024/texmf-dist/tex/latex/gr
aphics/graphicx.sty
Package: graphicx 2021/09/16 v1.2d Enhanced LaTeX Graphics (DPC,SPQR)

(c:/Users/Gebruiker/Applications/texstudio/texlive/2024/texmf-dist/tex/latex/gr
aphics/keyval.sty
Package: keyval 2022/05/29 v1.15 key=value parser (DPC)
\KV@toks@=\toks17
)
(c:/Users/Gebruiker/Applications/texstudio/texlive/2024/texmf-dist/tex/latex/gr
aphics/graphics.sty
Package: graphics 2024/08/06 v1.4g Standard LaTeX Graphics (DPC,SPQR)

(c:/Users/Gebruiker/Applications/texstudio/texlive/2024/texmf-dist/tex/latex/gr
aphics/trig.sty
Package: trig 2023/12/02 v1.11 sin cos tan (DPC)
)
(c:/Users/Gebruiker/Applications/texstudio/texlive/2024/texmf-dist/tex/latex/gr
aphics-cfg/graphics.cfg
File: graphics.cfg 2016/06/04 v1.11 sample graphics configuration
)
Package graphics Info: Driver file: pdftex.def on input line 106.

(c:/Users/Gebruiker/Applications/texstudio/texlive/2024/texmf-dist/tex/latex/gr
aphics-def/pdftex.def
File: pdftex.def 2024/04/13 v1.2c Graphics/color driver for pdftex
))
\Gin@req@height=\dimen142
\Gin@req@width=\dimen143
)
(c:/Users/Gebruiker/Applications/texstudio/texlive/2024/texmf-dist/tex/latex/hy
perref/hyperref.sty
Package: hyperref 2024-11-05 v7.01l Hypertext links for LaTeX

(c:/Users/Gebruiker/Applications/texstudio/texlive/2024/texmf-dist/tex/generic/
iftex/iftex.sty
Package: iftex 2022/02/03 v1.0f TeX engine tests
)
(c:/Users/Gebruiker/Applications/texstudio/texlive/2024/texmf-dist/tex/latex/kv
setkeys/kvsetkeys.sty
Package: kvsetkeys 2022-10-05 v1.19 Key value parser (HO)
)
(c:/Users/Gebruiker/Applications/texstudio/texlive/2024/texmf-dist/tex/generic/
kvdefinekeys/kvdefinekeys.sty
Package: kvdefinekeys 2019-12-19 v1.6 Define keys (HO)
)
(c:/Users/Gebruiker/Applications/texstudio/texlive/2024/texmf-dist/tex/generic/
pdfescape/pdfescape.sty
Package: pdfescape 2019/12/09 v1.15 Implements pdfTeX's escape features (HO)

(c:/Users/Gebruiker/Applications/texstudio/texlive/2024/texmf-dist/tex/generic/
ltxcmds/ltxcmds.sty
Package: ltxcmds 2023-12-04 v1.26 LaTeX kernel commands for general use (HO)
)
(c:/Users/Gebruiker/Applications/texstudio/texlive/2024/texmf-dist/tex/generic/
pdftexcmds/pdftexcmds.sty
Package: pdftexcmds 2020-06-27 v0.33 Utility functions of pdfTeX for LuaTeX (HO
)

(c:/Users/Gebruiker/Applications/texstudio/texlive/2024/texmf-dist/tex/generic/
infwarerr/infwarerr.sty
Package: infwarerr 2019/12/03 v1.5 Providing info/warning/error messages (HO)
)
Package pdftexcmds Info: \pdf@primitive is available.
Package pdftexcmds Info: \pdf@ifprimitive is available.
Package pdftexcmds Info: \pdfdraftmode found.
))
(c:/Users/Gebruiker/Applications/texstudio/texlive/2024/texmf-dist/tex/latex/hy
color/hycolor.sty
Package: hycolor 2020-01-27 v1.10 Color options for hyperref/bookmark (HO)
)
(c:/Users/Gebruiker/Applications/texstudio/texlive/2024/texmf-dist/tex/latex/hy
perref/nameref.sty
Package: nameref 2023-11-26 v2.56 Cross-referencing by name of section

(c:/Users/Gebruiker/Applications/texstudio/texlive/2024/texmf-dist/tex/latex/re
fcount/refcount.sty
Package: refcount 2019/12/15 v3.6 Data extraction from label references (HO)
)
(c:/Users/Gebruiker/Applications/texstudio/texlive/2024/texmf-dist/tex/generic/
gettitlestring/gettitlestring.sty
Package: gettitlestring 2019/12/15 v1.6 Cleanup title references (HO)

(c:/Users/Gebruiker/Applications/texstudio/texlive/2024/texmf-dist/tex/latex/kv
options/kvoptions.sty
Package: kvoptions 2022-06-15 v3.15 Key value format for package options (HO)
))
\c@section@level=\count270
)
(c:/Users/Gebruiker/Applications/texstudio/texlive/2024/texmf-dist/tex/latex/et
oolbox/etoolbox.sty
Package: etoolbox 2020/10/05 v2.5k e-TeX tools for LaTeX (JAW)
\etb@tempcnta=\count271
)
(c:/Users/Gebruiker/Applications/texstudio/texlive/2024/texmf-dist/tex/generic/
stringenc/stringenc.sty
Package: stringenc 2019/11/29 v1.12 Convert strings between diff. encodings (HO
)
)
\@linkdim=\dimen144
\Hy@linkcounter=\count272
\Hy@pagecounter=\count273

(c:/Users/Gebruiker/Applications/texstudio/texlive/2024/texmf-dist/tex/latex/hy
perref/pd1enc.def
File: pd1enc.def 2024-11-05 v7.01l Hyperref: PDFDocEncoding definition (HO)
Now handling font encoding PD1 ...
... no UTF-8 mapping file for font encoding PD1
)
(c:/Users/Gebruiker/Applications/texstudio/texlive/2024/texmf-dist/tex/generic/
intcalc/intcalc.sty
Package: intcalc 2019/12/15 v1.3 Expandable calculations with integers (HO)
)
\Hy@SavedSpaceFactor=\count274

(c:/Users/Gebruiker/Applications/texstudio/texlive/2024/texmf-dist/tex/latex/hy
perref/puenc.def
File: puenc.def 2024-11-05 v7.01l Hyperref: PDF Unicode definition (HO)
Now handling font encoding PU ...
... no UTF-8 mapping file for font encoding PU
)
Package hyperref Info: Hyper figures OFF on input line 4157.
Package hyperref Info: Link nesting OFF on input line 4162.
Package hyperref Info: Hyper index ON on input line 4165.
Package hyperref Info: Plain pages OFF on input line 4172.
Package hyperref Info: Backreferencing OFF on input line 4177.
Package hyperref Info: Implicit mode ON; LaTeX internals redefined.
Package hyperref Info: Bookmarks ON on input line 4424.
\c@Hy@tempcnt=\count275

(c:/Users/Gebruiker/Applications/texstudio/texlive/2024/texmf-dist/tex/latex/ur
l/url.sty
\Urlmuskip=\muskip17
Package: url 2013/09/16  ver 3.4  Verb mode for urls, etc.
)
LaTeX Info: Redefining \url on input line 4763.
\XeTeXLinkMargin=\dimen145

(c:/Users/Gebruiker/Applications/texstudio/texlive/2024/texmf-dist/tex/generic/
bitset/bitset.sty
Package: bitset 2019/12/09 v1.3 Handle bit-vector datatype (HO)

(c:/Users/Gebruiker/Applications/texstudio/texlive/2024/texmf-dist/tex/generic/
bigintcalc/bigintcalc.sty
Package: bigintcalc 2019/12/15 v1.5 Expandable calculations on big integers (HO
)
))
\Fld@menulength=\count276
\Field@Width=\dimen146
\Fld@charsize=\dimen147
Package hyperref Info: Hyper figures OFF on input line 6042.
Package hyperref Info: Link nesting OFF on input line 6047.
Package hyperref Info: Hyper index ON on input line 6050.
Package hyperref Info: backreferencing OFF on input line 6057.
Package hyperref Info: Link coloring OFF on input line 6062.
Package hyperref Info: Link coloring with OCG OFF on input line 6067.
Package hyperref Info: PDF/A mode OFF on input line 6072.

(c:/Users/Gebruiker/Applications/texstudio/texlive/2024/texmf-dist/tex/latex/ba
se/atbegshi-ltx.sty
Package: atbegshi-ltx 2021/01/10 v1.0c Emulation of the original atbegshi
package with kernel methods
)
\Hy@abspage=\count277
\c@Item=\count278
\c@Hfootnote=\count279
)
Package hyperref Info: Driver (autodetected): hpdftex.

(c:/Users/Gebruiker/Applications/texstudio/texlive/2024/texmf-dist/tex/latex/hy
perref/hpdftex.def
File: hpdftex.def 2024-11-05 v7.01l Hyperref driver for pdfTeX

(c:/Users/Gebruiker/Applications/texstudio/texlive/2024/texmf-dist/tex/latex/ba
se/atveryend-ltx.sty
Package: atveryend-ltx 2020/08/19 v1.0a Emulation of the original atveryend pac
kage
with kernel methods
)
\Fld@listcount=\count280
\c@bookmark@seq@number=\count281

(c:/Users/Gebruiker/Applications/texstudio/texlive/2024/texmf-dist/tex/latex/re
runfilecheck/rerunfilecheck.sty
Package: rerunfilecheck 2022-07-10 v1.10 Rerun checks for auxiliary files (HO)

(c:/Users/Gebruiker/Applications/texstudio/texlive/2024/texmf-dist/tex/generic/
uniquecounter/uniquecounter.sty
Package: uniquecounter 2019/12/15 v1.4 Provide unlimited unique counter (HO)
)
Package uniquecounter Info: New unique counter `rerunfilecheck' on input line 2
85.
)
\Hy@SectionHShift=\skip51
)
(c:/Users/Gebruiker/Applications/texstudio/texlive/2024/texmf-dist/tex/generic/
babel/babel.sty
Package: babel 2024/11/30 v24.14 The multilingual framework for pdfLaTeX, LuaLa
TeX and XeLaTeX
\babel@savecnt=\count282
\U@D=\dimen148
\l@unhyphenated=\language89

(c:/Users/Gebruiker/Applications/texstudio/texlive/2024/texmf-dist/tex/generic/
babel/txtbabel.def)
\bbl@readstream=\read2
\bbl@dirlevel=\count283

(c:/Users/Gebruiker/Applications/texstudio/texlive/2024/texmf-dist/tex/generic/
babel-english/english.ldf
Language: english 2017/06/06 v3.3r English support from the babel system
Package babel Info: Hyphen rules for 'canadian' set to \l@english
(babel)             (\language0). Reported on input line 102.
Package babel Info: Hyphen rules for 'australian' set to \l@ukenglish
(babel)             (\language23). Reported on input line 105.
Package babel Info: Hyphen rules for 'newzealand' set to \l@ukenglish
(babel)             (\language23). Reported on input line 108.
))
(c:/Users/Gebruiker/Applications/texstudio/texlive/2024/texmf-dist/tex/generic/
babel/locale/en/babel-english.tex
Package babel Info: Importing font and identification data for english
(babel)             from babel-en.ini. Reported on input line 11.
)
(c:/Users/Gebruiker/Applications/texstudio/texlive/2024/texmf-dist/tex/latex/l3
backend/l3backend-pdftex.def
File: l3backend-pdftex.def 2024-05-08 L3 backend support: PDF output (pdfTeX)
\l__color_backend_stack_int=\count284
\l__pdf_internal_box=\box52
) (./RPP.aux)
\openout1 = `RPP.aux'.

LaTeX Font Info:    Checking defaults for OML/cmm/m/it on input line 8.
LaTeX Font Info:    ... okay on input line 8.
LaTeX Font Info:    Checking defaults for OMS/cmsy/m/n on input line 8.
LaTeX Font Info:    ... okay on input line 8.
LaTeX Font Info:    Checking defaults for OT1/cmr/m/n on input line 8.
LaTeX Font Info:    ... okay on input line 8.
LaTeX Font Info:    Checking defaults for T1/cmr/m/n on input line 8.
LaTeX Font Info:    ... okay on input line 8.
LaTeX Font Info:    Checking defaults for TS1/cmr/m/n on input line 8.
LaTeX Font Info:    ... okay on input line 8.
LaTeX Font Info:    Checking defaults for OMX/cmex/m/n on input line 8.
LaTeX Font Info:    ... okay on input line 8.
LaTeX Font Info:    Checking defaults for U/cmr/m/n on input line 8.
LaTeX Font Info:    ... okay on input line 8.
LaTeX Font Info:    Checking defaults for PD1/pdf/m/n on input line 8.
LaTeX Font Info:    ... okay on input line 8.
LaTeX Font Info:    Checking defaults for PU/pdf/m/n on input line 8.
LaTeX Font Info:    ... okay on input line 8.

(c:/Users/Gebruiker/Applications/texstudio/texlive/2024/texmf-dist/tex/context/
base/mkii/supp-pdf.mkii
[Loading MPS to PDF converter (version 2006.09.02).]
\scratchcounter=\count285
\scratchdimen=\dimen149
\scratchbox=\box53
\nofMPsegments=\count286
\nofMParguments=\count287
\everyMPshowfont=\toks18
\MPscratchCnt=\count288
\MPscratchDim=\dimen150
\MPnumerator=\count289
\makeMPintoPDFobject=\count290
\everyMPtoPDFconversion=\toks19
)
(c:/Users/Gebruiker/Applications/texstudio/texlive/2024/texmf-dist/tex/latex/ep
stopdf-pkg/epstopdf-base.sty
Package: epstopdf-base 2020-01-24 v2.11 Base part for package epstopdf

(c:/Users/Gebruiker/Applications/texstudio/texlive/2024/texmf-dist/tex/latex/gr
fext/grfext.sty
Package: grfext 2019/12/03 v1.3 Manage graphics extensions (HO)
)
Package epstopdf-base Info: Redefining graphics rule for `.eps' on input line 4
85.
Package grfext Info: Graphics extension search list:
(grfext)             [.pdf,.png,.jpg,.mps,.jpeg,.jbig2,.jb2,.PDF,.PNG,.JPG,.JPE
G,.JBIG2,.JB2,.eps]
(grfext)             \AppendGraphicsExtensions on input line 504.

(c:/Users/Gebruiker/Applications/texstudio/texlive/2024/texmf-dist/tex/latex/la
texconfig/epstopdf-sys.cfg
File: epstopdf-sys.cfg 2010/07/13 v1.3 Configuration of (r)epstopdf for TeX Liv
e
))
Package hyperref Info: Link coloring OFF on input line 8.
 (./RPP.out) (./RPP.out)
\@outlinefile=\write3
\openout3 = `RPP.out'.

<images/fontyslogo.png, id=56, 301.125pt x 163.61125pt>
File: images/fontyslogo.png Graphic file (type png)
<use images/fontyslogo.png>
Package pdftex.def Info: images/fontyslogo.png  used on input line 14.
(pdftex.def)             Requested size: 137.9979pt x 74.98247pt.


[1

{c:/Users/Gebruiker/Applications/texstudio/texlive/2024/texmf-var/fonts/map/pdf
tex/updmap/pdftex.map} <./images/fontyslogo.png>] (./RPP.toc
LaTeX Font Info:    External font `cmex10' loaded for size
(Font)              <7> on input line 6.
LaTeX Font Info:    External font `cmex10' loaded for size
(Font)              <5> on input line 6.
)
\tf@toc=\write4
\openout4 = `RPP.toc'.




pdfTeX warning (ext4): destination with the same identifier (name{page.1}) has 
been already used, duplicate ignored
<to be read again> 
                   \relax 
l.28 	\newpage
               [1]
Underfull \hbox (badness 10000) in paragraph at lines 30--31

 []


Underfull \hbox (badness 10000) in paragraph at lines 30--31

 []


Underfull \hbox (badness 10000) in paragraph at lines 33--46

 []


Underfull \hbox (badness 10000) in paragraph at lines 33--46

 []


Underfull \hbox (badness 10000) in paragraph at lines 48--66

 []


Underfull \hbox (badness 10000) in paragraph at lines 48--66

 []


Underfull \hbox (badness 10000) in paragraph at lines 48--66

 []


Underfull \hbox (badness 10000) in paragraph at lines 48--66

 []


Underfull \hbox (badness 10000) in paragraph at lines 48--66

 []


Underfull \hbox (badness 10000) in paragraph at lines 48--66

 []


Underfull \hbox (badness 10000) in paragraph at lines 48--66

 []


Underfull \hbox (badness 10000) in paragraph at lines 48--66

 []



[2]
<images/ToC_Data_cleaning.png, id=88, 498.86375pt x 288.07625pt>
File: images/ToC_Data_cleaning.png Graphic file (type png)
<use images/ToC_Data_cleaning.png>
Package pdftex.def Info: images/ToC_Data_cleaning.png  used on input line 75.
(pdftex.def)             Requested size: 276.00105pt x 159.38309pt.

Underfull \hbox (badness 10000) in paragraph at lines 71--78

 []


Underfull \hbox (badness 10000) in paragraph at lines 71--78

 []


Underfull \hbox (badness 10000) in paragraph at lines 81--85

 []


Underfull \hbox (badness 10000) in paragraph at lines 81--85

 []



[3]
Underfull \hbox (badness 10000) in paragraph at lines 86--92

 []


Underfull \hbox (badness 10000) in paragraph at lines 86--92

 []


Underfull \hbox (badness 10000) in paragraph at lines 93--98

 []


Underfull \hbox (badness 10000) in paragraph at lines 93--98

 []



[4 <./images/ToC_Data_cleaning.png>]
Underfull \hbox (badness 10000) in paragraph at lines 99--108

 []


Underfull \hbox (badness 10000) in paragraph at lines 99--108

 []


Underfull \hbox (badness 10000) in paragraph at lines 99--108

 []


Underfull \hbox (badness 10000) in paragraph at lines 99--108

 []


Underfull \hbox (badness 10000) in paragraph at lines 99--108

 []


Underfull \hbox (badness 10000) in paragraph at lines 99--108

 []


Underfull \hbox (badness 10000) in paragraph at lines 109--116

 []


Underfull \hbox (badness 10000) in paragraph at lines 109--116

 []



[5]
<images/Features_Dropped.png, id=111, 1094.0875pt x 702.625pt>
File: images/Features_Dropped.png Graphic file (type png)
<use images/Features_Dropped.png>
Package pdftex.def Info: images/Features_Dropped.png  used on input line 123.
(pdftex.def)             Requested size: 345.0pt x 221.5639pt.
<images/One_hot_encoding_finish.png, id=112, 1362.08875pt x 321.2pt>
File: images/One_hot_encoding_finish.png Graphic file (type png)
<use images/One_hot_encoding_finish.png>
Package pdftex.def Info: images/One_hot_encoding_finish.png  used on input line
 130.
(pdftex.def)             Requested size: 345.0pt x 81.35353pt.
<images/One_hot_encodiong_Stance.png, id=113, 1397.22pt x 463.7325pt>
File: images/One_hot_encodiong_Stance.png Graphic file (type png)
<use images/One_hot_encodiong_Stance.png>
Package pdftex.def Info: images/One_hot_encodiong_Stance.png  used on input lin
e 137.
(pdftex.def)             Requested size: 345.0pt x 114.50348pt.
<images/Factorizing_Gender.png, id=114, 1361.085pt x 275.0275pt>
File: images/Factorizing_Gender.png Graphic file (type png)
<use images/Factorizing_Gender.png>
Package pdftex.def Info: images/Factorizing_Gender.png  used on input line 144.

(pdftex.def)             Requested size: 345.0pt x 69.70932pt.
<images/Factorizing_Winner.png, id=115, 1359.0775pt x 252.945pt>
File: images/Factorizing_Winner.png Graphic file (type png)
<use images/Factorizing_Winner.png>
Package pdftex.def Info: images/Factorizing_Winner.png  used on input line 151.

(pdftex.def)             Requested size: 345.0pt x 64.20871pt.
<images/Conversion_weight_lbs_to_kg.png, id=116, 727.71875pt x 250.9375pt>
File: images/Conversion_weight_lbs_to_kg.png Graphic file (type png)
<use images/Conversion_weight_lbs_to_kg.png>
Package pdftex.def Info: images/Conversion_weight_lbs_to_kg.png  used on input 
line 158.
(pdftex.def)             Requested size: 345.0pt x 118.9668pt.
<images/Filling_NaN_Values.png, id=117, 930.47626pt x 362.35374pt>
File: images/Filling_NaN_Values.png Graphic file (type png)
<use images/Filling_NaN_Values.png>
Package pdftex.def Info: images/Filling_NaN_Values.png  used on input line 165.

(pdftex.def)             Requested size: 345.0pt x 134.35077pt.


[6 <./images/Features_Dropped.png>]

[7 <./images/One_hot_encoding_finish.png> <./images/One_hot_encodiong_Stance.pn
g> <./images/Factorizing_Gender.png> <./images/Factorizing_Winner.png>]

[8 <./images/Conversion_weight_lbs_to_kg.png> <./images/Filling_NaN_Values.png>
] (./RPP.aux)
 ***********
LaTeX2e <2024-11-01> patch level 1
L3 programming layer <2024-11-02>
 ***********


Package rerunfilecheck Warning: File `RPP.out' has changed.
(rerunfilecheck)                Rerun to get outlines right
(rerunfilecheck)                or use package `bookmark'.

Package rerunfilecheck Info: Checksums for `RPP.out':
(rerunfilecheck)             Before: F1E712AC371B79D1632759B0D3F7A814;1524
(rerunfilecheck)             After:  2C75DCD24E97E103304CCD384004E0D5;1511.
 ) 
Here is how much of TeX's memory you used:
 9606 strings out of 473330
 157934 string characters out of 5703871
 564097 words of memory out of 5000000
 32624 multiletter control sequences out of 15000+600000
 560539 words of font info for 44 fonts, out of 8000000 for 9000
 1141 hyphenation exceptions out of 8191
 75i,7n,79p,505b,500s stack positions out of 10000i,1000n,20000p,200000b,200000s
<c:/Users/Gebruiker/Applications/texstudio/texlive/2024/texmf-dist/fonts/type
1/public/amsfonts/cm/cmbx10.pfb><c:/Users/Gebruiker/Applications/texstudio/texl
ive/2024/texmf-dist/fonts/type1/public/amsfonts/cm/cmbx12.pfb><c:/Users/Gebruik
er/Applications/texstudio/texlive/2024/texmf-dist/fonts/type1/public/amsfonts/c
m/cmr10.pfb><c:/Users/Gebruiker/Applications/texstudio/texlive/2024/texmf-dist/
fonts/type1/public/amsfonts/cm/cmti10.pfb>
Output written on RPP.pdf (9 pages, 903597 bytes).
PDF statistics:
 174 PDF objects out of 1000 (max. 8388607)
 135 compressed objects within 2 object streams
 31 named destinations out of 1000 (max. 500000)
 150 words of extra memory for PDF output out of 10000 (max. 10000000)

