\BOOKMARK [1][-]{section.1}{\376\377\000I\000n\000t\000r\000o\000d\000u\000c\000t\000i\000o\000n}{}% 1
\BOOKMARK [1][-]{section.2}{\376\377\000L\000e\000a\000r\000n\000i\000n\000g\000\040\000o\000u\000t\000c\000o\000m\000e\000\040\0001\000\040\000-\000\040\000S\000o\000c\000i\000e\000t\000a\000l\000\040\000i\000m\000p\000a\000c\000t}{}% 2
\BOOKMARK [2][-]{subsection.2.1}{\376\377\000F\000i\000r\000s\000t\000\040\000e\000v\000a\000l\000u\000a\000t\000i\000o\000n}{section.2}% 3
\BOOKMARK [2][-]{subsection.2.2}{\376\377\000S\000e\000c\000o\000n\000d\000\040\000e\000v\000a\000l\000u\000a\000t\000i\000o\000n}{section.2}% 4
\BOOKMARK [2][-]{subsection.2.3}{\376\377\000T\000h\000i\000r\000d\000\040\000e\000v\000a\000l\000u\000a\000t\000i\000o\000n}{section.2}% 5
\BOOKMARK [2][-]{subsection.2.4}{\376\377\000F\000i\000n\000a\000l\000\040\000e\000v\000a\000l\000u\000a\000t\000o\000n}{section.2}% 6
\BOOKMARK [1][-]{section.3}{\376\377\000L\000e\000a\000r\000n\000i\000n\000g\000\040\000o\000u\000t\000c\000o\000m\000e\000\040\0002\000\040\000-\000\040\000I\000n\000v\000e\000s\000t\000i\000g\000a\000t\000i\000v\000e\000\040\000p\000r\000o\000b\000l\000e\000m\000\040\000s\000o\000l\000v\000i\000n\000g}{}% 7
\BOOKMARK [2][-]{subsection.3.1}{\376\377\000F\000i\000r\000s\000t\000\040\000e\000v\000a\000l\000u\000a\000t\000i\000o\000n}{section.3}% 8
\BOOKMARK [2][-]{subsection.3.2}{\376\377\000S\000e\000c\000o\000n\000d\000\040\000e\000v\000a\000l\000u\000a\000t\000i\000o\000n}{section.3}% 9
\BOOKMARK [2][-]{subsection.3.3}{\376\377\000T\000h\000i\000r\000d\000\040\000e\000v\000a\000l\000u\000a\000t\000i\000o\000n}{section.3}% 10
\BOOKMARK [2][-]{subsection.3.4}{\376\377\000F\000i\000n\000a\000l\000\040\000e\000v\000a\000l\000u\000a\000t\000o\000n}{section.3}% 11
\BOOKMARK [1][-]{section.4}{\376\377\000L\000e\000a\000r\000n\000i\000n\000g\000\040\000o\000u\000t\000c\000o\000m\000e\000\040\0003\000\040\000-\000\040\000D\000a\000t\000a\000\040\000p\000r\000e\000p\000a\000r\000a\000t\000i\000o\000n}{}% 12
\BOOKMARK [2][-]{subsection.4.1}{\376\377\000F\000i\000r\000s\000t\000\040\000e\000v\000a\000l\000u\000a\000t\000i\000o\000n}{section.4}% 13
\BOOKMARK [2][-]{subsection.4.2}{\376\377\000S\000e\000c\000o\000n\000d\000\040\000e\000v\000a\000l\000u\000a\000t\000i\000o\000n}{section.4}% 14
\BOOKMARK [2][-]{subsection.4.3}{\376\377\000T\000h\000i\000r\000d\000\040\000e\000v\000a\000l\000u\000a\000t\000i\000o\000n}{section.4}% 15
\BOOKMARK [2][-]{subsection.4.4}{\376\377\000F\000i\000n\000a\000l\000\040\000e\000v\000a\000l\000u\000a\000t\000o\000n}{section.4}% 16
\BOOKMARK [1][-]{section.5}{\376\377\000L\000e\000a\000r\000n\000i\000n\000g\000\040\000o\000u\000t\000c\000o\000m\000e\000\040\0004\000\040\000-\000\040\000M\000a\000c\000h\000i\000n\000e\000\040\000t\000e\000a\000c\000h\000i\000n\000g}{}% 17
\BOOKMARK [2][-]{subsection.5.1}{\376\377\000F\000i\000r\000s\000t\000\040\000e\000v\000a\000l\000u\000a\000t\000i\000o\000n}{section.5}% 18
\BOOKMARK [2][-]{subsection.5.2}{\376\377\000S\000e\000c\000o\000n\000d\000\040\000e\000v\000a\000l\000u\000a\000t\000i\000o\000n}{section.5}% 19
\BOOKMARK [2][-]{subsection.5.3}{\376\377\000T\000h\000i\000r\000d\000\040\000e\000v\000a\000l\000u\000a\000t\000i\000o\000n}{section.5}% 20
\BOOKMARK [2][-]{subsection.5.4}{\376\377\000F\000i\000n\000a\000l\000\040\000e\000v\000a\000l\000u\000a\000t\000o\000n}{section.5}% 21
\BOOKMARK [1][-]{section.6}{\376\377\000L\000e\000a\000r\000n\000i\000n\000g\000\040\000o\000u\000t\000c\000o\000m\000e\000\040\0005\000\040\000-\000\040\000D\000a\000t\000a\000\040\000v\000i\000s\000u\000a\000l\000i\000s\000a\000t\000i\000o\000n}{}% 22
\BOOKMARK [2][-]{subsection.6.1}{\376\377\000F\000i\000r\000s\000t\000\040\000e\000v\000a\000l\000u\000a\000t\000i\000o\000n}{section.6}% 23
\BOOKMARK [2][-]{subsection.6.2}{\376\377\000S\000e\000c\000o\000n\000d\000\040\000e\000v\000a\000l\000u\000a\000t\000i\000o\000n}{section.6}% 24
\BOOKMARK [2][-]{subsection.6.3}{\376\377\000T\000h\000i\000r\000d\000\040\000e\000v\000a\000l\000u\000a\000t\000i\000o\000n}{section.6}% 25
\BOOKMARK [2][-]{subsection.6.4}{\376\377\000F\000i\000n\000a\000l\000\040\000e\000v\000a\000l\000u\000a\000t\000i\000o\000n}{section.6}% 26
\BOOKMARK [1][-]{section.7}{\376\377\000L\000e\000a\000r\000n\000i\000n\000g\000\040\000o\000u\000t\000c\000o\000m\000e\000\040\0006\000\040\000-\000\040\000R\000e\000p\000o\000r\000t\000i\000n\000g}{}% 27
\BOOKMARK [2][-]{subsection.7.1}{\376\377\000F\000i\000r\000s\000t\000\040\000e\000v\000a\000l\000u\000a\000t\000i\000o\000n}{section.7}% 28
\BOOKMARK [2][-]{subsection.7.2}{\376\377\000S\000e\000c\000o\000n\000d\000\040\000e\000v\000a\000l\000u\000a\000t\000i\000o\000n}{section.7}% 29
\BOOKMARK [2][-]{subsection.7.3}{\376\377\000T\000h\000i\000r\000d\000\040\000e\000v\000a\000l\000u\000a\000t\000i\000o\000n}{section.7}% 30
\BOOKMARK [2][-]{subsection.7.4}{\376\377\000F\000i\000n\000a\000l\000\040\000e\000v\000a\000l\000u\000a\000t\000o\000n}{section.7}% 31
\BOOKMARK [1][-]{section.8}{\376\377\000L\000e\000a\000r\000n\000i\000n\000g\000\040\000o\000u\000t\000c\000o\000m\000e\000\040\0007\000\040\000-\000\040\000P\000e\000r\000s\000o\000n\000a\000l\000\040\000L\000e\000a\000d\000e\000r\000s\000h\000i\000p}{}% 32
\BOOKMARK [2][-]{subsection.8.1}{\376\377\000F\000i\000r\000s\000t\000\040\000e\000v\000a\000l\000u\000a\000t\000i\000o\000n}{section.8}% 33
\BOOKMARK [2][-]{subsection.8.2}{\376\377\000S\000e\000c\000o\000n\000d\000\040\000e\000v\000a\000l\000u\000a\000t\000i\000o\000n}{section.8}% 34
\BOOKMARK [2][-]{subsection.8.3}{\376\377\000T\000h\000i\000r\000d\000\040\000e\000v\000a\000l\000u\000a\000t\000i\000o\000n}{section.8}% 35
\BOOKMARK [2][-]{subsection.8.4}{\376\377\000F\000i\000n\000a\000l\000\040\000e\000v\000a\000l\000u\000a\000t\000o\000n}{section.8}% 36
\BOOKMARK [1][-]{section.9}{\376\377\000L\000e\000a\000r\000n\000i\000n\000g\000\040\000o\000u\000t\000c\000o\000m\000e\000\040\0008\000\040\000-\000\040\000P\000e\000r\000s\000o\000n\000a\000l\000\040\000g\000o\000a\000l}{}% 37
\BOOKMARK [2][-]{subsection.9.1}{\376\377\000F\000i\000r\000s\000t\000\040\000e\000v\000a\000l\000u\000a\000t\000i\000o\000n}{section.9}% 38
\BOOKMARK [2][-]{subsection.9.2}{\376\377\000S\000e\000c\000o\000n\000d\000\040\000e\000v\000a\000l\000u\000a\000t\000i\000o\000n}{section.9}% 39
\BOOKMARK [2][-]{subsection.9.3}{\376\377\000T\000h\000i\000r\000d\000\040\000e\000v\000a\000l\000u\000a\000t\000i\000o\000n}{section.9}% 40
\BOOKMARK [2][-]{subsection.9.4}{\376\377\000F\000i\000n\000a\000l\000\040\000e\000v\000a\000l\000u\000a\000t\000o\000n}{section.9}% 41
\BOOKMARK [1][-]{section.10}{\376\377\000R\000e\000t\000r\000o\000s\000p\000e\000c\000t}{}% 42
\BOOKMARK [1][-]{section.11}{\376\377\000C\000o\000n\000c\000l\000u\000s\000i\000o\000n}{}% 43
\BOOKMARK [1][-]{section.12}{\376\377\000A\000p\000p\000e\000n\000d\000i\000x}{}% 44
