This is pdfTeX, Version 3.141592653-2.6-1.40.25 (TeX Live 2023) (preloaded format=pdflatex 2023.9.25)  9 DEC 2024 10:58
entering extended mode
 restricted \write18 enabled.
 %&-line parsing enabled.
**PDR.tex
(./PDR.tex
LaTeX2e <2022-11-01> patch level 1
L3 programming layer <2023-02-22>
(/usr/local/texlive/2023/texmf-dist/tex/latex/base/article.cls
Document Class: article 2022/07/02 v1.4n Standard LaTeX document class
(/usr/local/texlive/2023/texmf-dist/tex/latex/base/size10.clo
File: size10.clo 2022/07/02 v1.4n Standard LaTeX file (size option)
)
\c@part=\count185
\c@section=\count186
\c@subsection=\count187
\c@subsubsection=\count188
\c@paragraph=\count189
\c@subparagraph=\count190
\c@figure=\count191
\c@table=\count192
\abovecaptionskip=\skip48
\belowcaptionskip=\skip49
\bibindent=\dimen140
)
(/usr/local/texlive/2023/texmf-dist/tex/latex/graphics/graphicx.sty
Package: graphicx 2021/09/16 v1.2d Enhanced LaTeX Graphics (DPC,SPQR)

(/usr/local/texlive/2023/texmf-dist/tex/latex/graphics/keyval.sty
Package: keyval 2022/05/29 v1.15 key=value parser (DPC)
\KV@toks@=\toks16
)
(/usr/local/texlive/2023/texmf-dist/tex/latex/graphics/graphics.sty
Package: graphics 2022/03/10 v1.4e Standard LaTeX Graphics (DPC,SPQR)

(/usr/local/texlive/2023/texmf-dist/tex/latex/graphics/trig.sty
Package: trig 2021/08/11 v1.11 sin cos tan (DPC)
)
(/usr/local/texlive/2023/texmf-dist/tex/latex/graphics-cfg/graphics.cfg
File: graphics.cfg 2016/06/04 v1.11 sample graphics configuration
)
Package graphics Info: Driver file: pdftex.def on input line 107.

(/usr/local/texlive/2023/texmf-dist/tex/latex/graphics-def/pdftex.def
File: pdftex.def 2022/09/22 v1.2b Graphics/color driver for pdftex
))
\Gin@req@height=\dimen141
\Gin@req@width=\dimen142
)
(/usr/local/texlive/2023/texmf-dist/tex/latex/hyperref/hyperref.sty
Package: hyperref 2023-02-07 v7.00v Hypertext links for LaTeX

(/usr/local/texlive/2023/texmf-dist/tex/generic/ltxcmds/ltxcmds.sty
Package: ltxcmds 2020-05-10 v1.25 LaTeX kernel commands for general use (HO)
)
(/usr/local/texlive/2023/texmf-dist/tex/generic/iftex/iftex.sty
Package: iftex 2022/02/03 v1.0f TeX engine tests
)
(/usr/local/texlive/2023/texmf-dist/tex/generic/pdftexcmds/pdftexcmds.sty
Package: pdftexcmds 2020-06-27 v0.33 Utility functions of pdfTeX for LuaTeX (HO
)

(/usr/local/texlive/2023/texmf-dist/tex/generic/infwarerr/infwarerr.sty
Package: infwarerr 2019/12/03 v1.5 Providing info/warning/error messages (HO)
)
Package pdftexcmds Info: \pdf@primitive is available.
Package pdftexcmds Info: \pdf@ifprimitive is available.
Package pdftexcmds Info: \pdfdraftmode found.
)
(/usr/local/texlive/2023/texmf-dist/tex/latex/kvsetkeys/kvsetkeys.sty
Package: kvsetkeys 2022-10-05 v1.19 Key value parser (HO)
)
(/usr/local/texlive/2023/texmf-dist/tex/generic/kvdefinekeys/kvdefinekeys.sty
Package: kvdefinekeys 2019-12-19 v1.6 Define keys (HO)
)
(/usr/local/texlive/2023/texmf-dist/tex/generic/pdfescape/pdfescape.sty
Package: pdfescape 2019/12/09 v1.15 Implements pdfTeX's escape features (HO)
)
(/usr/local/texlive/2023/texmf-dist/tex/latex/hycolor/hycolor.sty
Package: hycolor 2020-01-27 v1.10 Color options for hyperref/bookmark (HO)
)
(/usr/local/texlive/2023/texmf-dist/tex/latex/letltxmacro/letltxmacro.sty
Package: letltxmacro 2019/12/03 v1.6 Let assignment for LaTeX macros (HO)
)
(/usr/local/texlive/2023/texmf-dist/tex/latex/auxhook/auxhook.sty
Package: auxhook 2019-12-17 v1.6 Hooks for auxiliary files (HO)
)
(/usr/local/texlive/2023/texmf-dist/tex/latex/hyperref/nameref.sty
Package: nameref 2022-05-17 v2.50 Cross-referencing by name of section

(/usr/local/texlive/2023/texmf-dist/tex/latex/refcount/refcount.sty
Package: refcount 2019/12/15 v3.6 Data extraction from label references (HO)
)
(/usr/local/texlive/2023/texmf-dist/tex/generic/gettitlestring/gettitlestring.s
ty
Package: gettitlestring 2019/12/15 v1.6 Cleanup title references (HO)
 (/usr/local/texlive/2023/texmf-dist/tex/latex/kvoptions/kvoptions.sty
Package: kvoptions 2022-06-15 v3.15 Key value format for package options (HO)
))
\c@section@level=\count193
)
\@linkdim=\dimen143
\Hy@linkcounter=\count194
\Hy@pagecounter=\count195

(/usr/local/texlive/2023/texmf-dist/tex/latex/hyperref/pd1enc.def
File: pd1enc.def 2023-02-07 v7.00v Hyperref: PDFDocEncoding definition (HO)
Now handling font encoding PD1 ...
... no UTF-8 mapping file for font encoding PD1
)
(/usr/local/texlive/2023/texmf-dist/tex/generic/intcalc/intcalc.sty
Package: intcalc 2019/12/15 v1.3 Expandable calculations with integers (HO)
)
(/usr/local/texlive/2023/texmf-dist/tex/generic/etexcmds/etexcmds.sty
Package: etexcmds 2019/12/15 v1.7 Avoid name clashes with e-TeX commands (HO)
)
\Hy@SavedSpaceFactor=\count196

(/usr/local/texlive/2023/texmf-dist/tex/latex/hyperref/puenc.def
File: puenc.def 2023-02-07 v7.00v Hyperref: PDF Unicode definition (HO)
Now handling font encoding PU ...
... no UTF-8 mapping file for font encoding PU
)
Package hyperref Info: Hyper figures OFF on input line 4177.
Package hyperref Info: Link nesting OFF on input line 4182.
Package hyperref Info: Hyper index ON on input line 4185.
Package hyperref Info: Plain pages OFF on input line 4192.
Package hyperref Info: Backreferencing OFF on input line 4197.
Package hyperref Info: Implicit mode ON; LaTeX internals redefined.
Package hyperref Info: Bookmarks ON on input line 4425.
\c@Hy@tempcnt=\count197

(/usr/local/texlive/2023/texmf-dist/tex/latex/url/url.sty
\Urlmuskip=\muskip16
Package: url 2013/09/16  ver 3.4  Verb mode for urls, etc.
)
LaTeX Info: Redefining \url on input line 4763.
\XeTeXLinkMargin=\dimen144

(/usr/local/texlive/2023/texmf-dist/tex/generic/bitset/bitset.sty
Package: bitset 2019/12/09 v1.3 Handle bit-vector datatype (HO)

(/usr/local/texlive/2023/texmf-dist/tex/generic/bigintcalc/bigintcalc.sty
Package: bigintcalc 2019/12/15 v1.5 Expandable calculations on big integers (HO
)
))
\Fld@menulength=\count198
\Field@Width=\dimen145
\Fld@charsize=\dimen146
Package hyperref Info: Hyper figures OFF on input line 6042.
Package hyperref Info: Link nesting OFF on input line 6047.
Package hyperref Info: Hyper index ON on input line 6050.
Package hyperref Info: backreferencing OFF on input line 6057.
Package hyperref Info: Link coloring OFF on input line 6062.
Package hyperref Info: Link coloring with OCG OFF on input line 6067.
Package hyperref Info: PDF/A mode OFF on input line 6072.

(/usr/local/texlive/2023/texmf-dist/tex/latex/base/atbegshi-ltx.sty
Package: atbegshi-ltx 2021/01/10 v1.0c Emulation of the original atbegshi
package with kernel methods
)
\Hy@abspage=\count199
\c@Item=\count266
\c@Hfootnote=\count267
)
Package hyperref Info: Driver (autodetected): hpdftex.

(/usr/local/texlive/2023/texmf-dist/tex/latex/hyperref/hpdftex.def
File: hpdftex.def 2023-02-07 v7.00v Hyperref driver for pdfTeX

(/usr/local/texlive/2023/texmf-dist/tex/latex/base/atveryend-ltx.sty
Package: atveryend-ltx 2020/08/19 v1.0a Emulation of the original atveryend pac
kage
with kernel methods
)
\Fld@listcount=\count268
\c@bookmark@seq@number=\count269

(/usr/local/texlive/2023/texmf-dist/tex/latex/rerunfilecheck/rerunfilecheck.sty
Package: rerunfilecheck 2022-07-10 v1.10 Rerun checks for auxiliary files (HO)

(/usr/local/texlive/2023/texmf-dist/tex/generic/uniquecounter/uniquecounter.sty
Package: uniquecounter 2019/12/15 v1.4 Provide unlimited unique counter (HO)
)
Package uniquecounter Info: New unique counter `rerunfilecheck' on input line 2
85.
)
\Hy@SectionHShift=\skip50
)
(/usr/local/texlive/2023/texmf-dist/tex/latex/l3backend/l3backend-pdftex.def
File: l3backend-pdftex.def 2023-01-16 L3 backend support: PDF output (pdfTeX)
\l__color_backend_stack_int=\count270
\l__pdf_internal_box=\box51
)
(./PDR.aux)
\openout1 = `PDR.aux'.

LaTeX Font Info:    Checking defaults for OML/cmm/m/it on input line 6.
LaTeX Font Info:    ... okay on input line 6.
LaTeX Font Info:    Checking defaults for OMS/cmsy/m/n on input line 6.
LaTeX Font Info:    ... okay on input line 6.
LaTeX Font Info:    Checking defaults for OT1/cmr/m/n on input line 6.
LaTeX Font Info:    ... okay on input line 6.
LaTeX Font Info:    Checking defaults for T1/cmr/m/n on input line 6.
LaTeX Font Info:    ... okay on input line 6.
LaTeX Font Info:    Checking defaults for TS1/cmr/m/n on input line 6.
LaTeX Font Info:    ... okay on input line 6.
LaTeX Font Info:    Checking defaults for OMX/cmex/m/n on input line 6.
LaTeX Font Info:    ... okay on input line 6.
LaTeX Font Info:    Checking defaults for U/cmr/m/n on input line 6.
LaTeX Font Info:    ... okay on input line 6.
LaTeX Font Info:    Checking defaults for PD1/pdf/m/n on input line 6.
LaTeX Font Info:    ... okay on input line 6.
LaTeX Font Info:    Checking defaults for PU/pdf/m/n on input line 6.
LaTeX Font Info:    ... okay on input line 6.

(/usr/local/texlive/2023/texmf-dist/tex/context/base/mkii/supp-pdf.mkii
[Loading MPS to PDF converter (version 2006.09.02).]
\scratchcounter=\count271
\scratchdimen=\dimen147
\scratchbox=\box52
\nofMPsegments=\count272
\nofMParguments=\count273
\everyMPshowfont=\toks17
\MPscratchCnt=\count274
\MPscratchDim=\dimen148
\MPnumerator=\count275
\makeMPintoPDFobject=\count276
\everyMPtoPDFconversion=\toks18
) (/usr/local/texlive/2023/texmf-dist/tex/latex/epstopdf-pkg/epstopdf-base.sty
Package: epstopdf-base 2020-01-24 v2.11 Base part for package epstopdf
Package epstopdf-base Info: Redefining graphics rule for `.eps' on input line 4
85.

(/usr/local/texlive/2023/texmf-dist/tex/latex/latexconfig/epstopdf-sys.cfg
File: epstopdf-sys.cfg 2010/07/13 v1.3 Configuration of (r)epstopdf for TeX Liv
e
))
Package hyperref Info: Link coloring OFF on input line 6.

(./PDR.out) (./PDR.out)
\@outlinefile=\write3
\openout3 = `PDR.out'.

<images/fontyslogo.png, id=176, 301.125pt x 163.61125pt>
File: images/fontyslogo.png Graphic file (type png)
<use images/fontyslogo.png>
Package pdftex.def Info: images/fontyslogo.png  used on input line 12.
(pdftex.def)             Requested size: 137.9979pt x 74.98247pt.
 [1

{/usr/local/texlive/2023/texmf-var/fonts/map/pdftex/updmap/pdftex.map} <./image
s/fontyslogo.png>] (./PDR.toc
LaTeX Font Info:    External font `cmex10' loaded for size
(Font)              <7> on input line 3.
LaTeX Font Info:    External font `cmex10' loaded for size
(Font)              <5> on input line 3.

pdfTeX warning (ext4): destination with the same identifier (name{page.1}) has 
been already used, duplicate ignored
<to be read again> 
                   \relax 
l.39 ...9.2}Second evaluation}{27}{subsection.9.2}
                                                  % [1])
\tf@toc=\write4
\openout4 = `PDR.toc'.

 [2]
Overfull \hbox (1.08278pt too wide) in paragraph at lines 36--40
\OT1/cmr/m/n/10 The stu-dent is able to ap-proach the con-text and im-pact of t
heir own AI project(s)
 []

<images/Feedback_Societal_Impact.png, id=240, 371.3875pt x 536.0025pt>
File: images/Feedback_Societal_Impact.png Graphic file (type png)
<use images/Feedback_Societal_Impact.png>
Package pdftex.def Info: images/Feedback_Societal_Impact.png  used on input lin
e 51.
(pdftex.def)             Requested size: 345.0pt x 497.9292pt.
[3] [4 <./images/Feedback_Societal_Impact.png>]
Underfull \hbox (badness 10000) in paragraph at lines 63--64

 []

<images/Meeting_Niek_1.png, id=251, 835.12pt x 653.44125pt>
File: images/Meeting_Niek_1.png Graphic file (type png)
<use images/Meeting_Niek_1.png>
Package pdftex.def Info: images/Meeting_Niek_1.png  used on input line 67.
(pdftex.def)             Requested size: 345.0pt x 269.94667pt.

Underfull \hbox (badness 10000) in paragraph at lines 65--68

 []

[5]
<images/Meeting_Niek_2.png, id=256, 853.1875pt x 846.16125pt>
File: images/Meeting_Niek_2.png Graphic file (type png)
<use images/Meeting_Niek_2.png>
Package pdftex.def Info: images/Meeting_Niek_2.png  used on input line 72.
(pdftex.def)             Requested size: 345.0pt x 342.16406pt.

Underfull \hbox (badness 10000) in paragraph at lines 71--75

 []

[6 <./images/Meeting_Niek_1.png>] [7 <./images/Meeting_Niek_2.png>]
Underfull \hbox (badness 10000) in paragraph at lines 107--108

 []

<images/Meeting_Bas_1.png, id=269, 833.1125pt x 881.2925pt>
File: images/Meeting_Bas_1.png Graphic file (type png)
<use images/Meeting_Bas_1.png>
Package pdftex.def Info: images/Meeting_Bas_1.png  used on input line 110.
(pdftex.def)             Requested size: 345.0pt x 364.94962pt.

Underfull \hbox (badness 10000) in paragraph at lines 109--111

 []

[8]
<images/Meeting_Bas_2.png, id=274, 837.1275pt x 864.22874pt>
File: images/Meeting_Bas_2.png Graphic file (type png)
<use images/Meeting_Bas_2.png>
Package pdftex.def Info: images/Meeting_Bas_2.png  used on input line 113.
(pdftex.def)             Requested size: 345.0pt x 356.16907pt.

Underfull \hbox (badness 10000) in paragraph at lines 112--114

 []

[9 <./images/Meeting_Bas_1.png>]
Overfull \hbox (2.75056pt too wide) in paragraph at lines 115--117
[]\OT1/cmr/m/n/10 I'm ex-cited about the up-com-ing chal-lenges in the fi-nal q
uar-ter of the semester.
 []

[10 <./images/Meeting_Bas_2.png>]
Underfull \hbox (badness 10000) in paragraph at lines 145--146

 []


Underfull \hbox (badness 10000) in paragraph at lines 147--148

 []

File: images/Meeting_Bas_2.png Graphic file (type png)
<use images/Meeting_Bas_2.png>
Package pdftex.def Info: images/Meeting_Bas_2.png  used on input line 149.
(pdftex.def)             Requested size: 345.0pt x 356.16907pt.

Overfull \hbox (15.0pt too wide) in paragraph at lines 149--150
[][] 
 []


Underfull \hbox (badness 10000) in paragraph at lines 149--150

 []

[11] [12]
<images/FeedbackTeachableMachines.png, id=295, 934.49126pt x 196.735pt>
File: images/FeedbackTeachableMachines.png Graphic file (type png)
<use images/FeedbackTeachableMachines.png>
Package pdftex.def Info: images/FeedbackTeachableMachines.png  used on input li
ne 170.
(pdftex.def)             Requested size: 345.0pt x 72.6317pt.

Underfull \hbox (badness 10000) in paragraph at lines 185--186

 []

File: images/Meeting_Bas_2.png Graphic file (type png)
<use images/Meeting_Bas_2.png>
Package pdftex.def Info: images/Meeting_Bas_2.png  used on input line 188.
(pdftex.def)             Requested size: 345.0pt x 356.16907pt.

Underfull \hbox (badness 10000) in paragraph at lines 187--189

 []

[13 <./images/FeedbackTeachableMachines.png>]
File: images/Meeting_Bas_1.png Graphic file (type png)
<use images/Meeting_Bas_1.png>
Package pdftex.def Info: images/Meeting_Bas_1.png  used on input line 192.
(pdftex.def)             Requested size: 345.0pt x 364.94962pt.

Underfull \hbox (badness 10000) in paragraph at lines 191--193

 []

[14] [15]
Underfull \hbox (badness 10000) in paragraph at lines 212--216

 []

<images/Stagri_correlation_matrix.png, id=310, 1016.79875pt x 689.57625pt>
File: images/Stagri_correlation_matrix.png Graphic file (type png)
<use images/Stagri_correlation_matrix.png>
Package pdftex.def Info: images/Stagri_correlation_matrix.png  used on input li
ne 217.
(pdftex.def)             Requested size: 345.0pt x 233.9688pt.

Overfull \hbox (15.0pt too wide) in paragraph at lines 217--219
[][]
 []

[16]
Underfull \hbox (badness 10000) in paragraph at lines 221--222

 []

File: images/Meeting_Bas_2.png Graphic file (type png)
<use images/Meeting_Bas_2.png>
Package pdftex.def Info: images/Meeting_Bas_2.png  used on input line 223.
(pdftex.def)             Requested size: 345.0pt x 356.16907pt.

Overfull \hbox (15.0pt too wide) in paragraph at lines 223--224
[][] 
 []


Underfull \hbox (badness 10000) in paragraph at lines 223--224

 []

[17 <./images/Stagri_correlation_matrix.png>]
Underfull \hbox (badness 10000) in paragraph at lines 225--226

 []

[18]
Underfull \hbox (badness 10000) in paragraph at lines 241--245

 []


Underfull \hbox (badness 10000) in paragraph at lines 247--254

 []


Underfull \hbox (badness 10000) in paragraph at lines 247--254

 []

File: images/Meeting_Niek_1.png Graphic file (type png)
<use images/Meeting_Niek_1.png>
Package pdftex.def Info: images/Meeting_Niek_1.png  used on input line 257.
(pdftex.def)             Requested size: 345.0pt x 269.94667pt.

Underfull \hbox (badness 10000) in paragraph at lines 256--258

 []

[19]
File: images/Meeting_Niek_2.png Graphic file (type png)
<use images/Meeting_Niek_2.png>
Package pdftex.def Info: images/Meeting_Niek_2.png  used on input line 260.
(pdftex.def)             Requested size: 345.0pt x 342.16406pt.

Underfull \hbox (badness 10000) in paragraph at lines 259--261

 []

[20] [21]
Underfull \hbox (badness 10000) in paragraph at lines 280--284

 []

File: images/Meeting_Niek_1.png Graphic file (type png)
<use images/Meeting_Niek_1.png>
Package pdftex.def Info: images/Meeting_Niek_1.png  used on input line 288.
(pdftex.def)             Requested size: 345.0pt x 269.94667pt.
File: images/Meeting_Niek_2.png Graphic file (type png)
<use images/Meeting_Niek_2.png>
Package pdftex.def Info: images/Meeting_Niek_2.png  used on input line 289.
(pdftex.def)             Requested size: 345.0pt x 342.16406pt.
File: images/Meeting_Bas_1.png Graphic file (type png)
<use images/Meeting_Bas_1.png>
Package pdftex.def Info: images/Meeting_Bas_1.png  used on input line 290.
(pdftex.def)             Requested size: 345.0pt x 364.94962pt.
File: images/Meeting_Bas_2.png Graphic file (type png)
<use images/Meeting_Bas_2.png>
Package pdftex.def Info: images/Meeting_Bas_2.png  used on input line 291.
(pdftex.def)             Requested size: 345.0pt x 356.16907pt.
[22] [23] [24] [25] [26]
File: images/Meeting_Bas_2.png Graphic file (type png)
<use images/Meeting_Bas_2.png>
Package pdftex.def Info: images/Meeting_Bas_2.png  used on input line 319.
(pdftex.def)             Requested size: 345.0pt x 356.16907pt.
 [27] [28] (./PDR.aux)
Package rerunfilecheck Info: File `PDR.out' has not changed.
(rerunfilecheck)             Checksum: A1743CC20AC39F28E9E968D3552123CE;6824.
 ) 
Here is how much of TeX's memory you used:
 8276 strings out of 476025
 132394 string characters out of 5790017
 1863388 words of memory out of 5000000
 28579 multiletter control sequences out of 15000+600000
 515056 words of font info for 41 fonts, out of 8000000 for 9000
 1141 hyphenation exceptions out of 8191
 75i,6n,76p,604b,479s stack positions out of 10000i,1000n,20000p,200000b,200000s
</usr/local/texlive/2023/texmf-dist/fonts/type1/public/amsfonts/cm/cmbx10.pfb
></usr/local/texlive/2023/texmf-dist/fonts/type1/public/amsfonts/cm/cmbx12.pfb>
</usr/local/texlive/2023/texmf-dist/fonts/type1/public/amsfonts/cm/cmr10.pfb></
usr/local/texlive/2023/texmf-dist/fonts/type1/public/amsfonts/cm/cmr17.pfb></us
r/local/texlive/2023/texmf-dist/fonts/type1/public/amsfonts/cm/cmti10.pfb>
Output written on PDR.pdf (29 pages, 1782042 bytes).
PDF statistics:
 412 PDF objects out of 1000 (max. 8388607)
 351 compressed objects within 4 object streams
 73 named destinations out of 1000 (max. 500000)
 385 words of extra memory for PDF output out of 10000 (max. 10000000)

